================================================================================
==
==   Density Functional based Tight Binding with a lot of extensions (DFTB+)    
==
==                              Release: 1.2 (p2)
==
==                            (ParserVersion = 4)
==
================================================================================


********************************************************************************
** Parsing and initializing
********************************************************************************

Interpreting input file 'dftb_in.hsd'
--------------------------------------------------------------------------------
Reading SK-files:
  /home/amber/SKFiles/O-O.skf
  /home/amber/SKFiles/O-H.skf
  /home/amber/SKFiles/H-O.skf
  /home/amber/SKFiles/H-H.skf
Done.


Processed input in HSD format written to 'dftb_pin.hsd'

Starting initialization...
--------------------------------------------------------------------------------
Mode:                        Conjugate gradient relaxation
Self consistent charges:     No
Spin polarisation:           No
Nr. of up electrons:             3.500000
Nr. of down electrons:           3.500000
Periodic boundaries:         No
Diagonalizer:                Divide and Conquer
Nr. of moved atoms:                       2
Max. nr. of geometry steps:               0
Force tolerance:               0.100000E-03
Electronic temperature:        0.100000E-07
Included shells:              O:  s, p
                              H:  s
Extra options:
--------------------------------------------------------------------------------
 

********************************************************************************
** Geometry step: 0
********************************************************************************

 
 Total Energy:                      -3.4183236884 H
 Total Mermin free energy:          -3.4183237108 H
 Maximal force component:            0.152745E-05
 
 Geometry converged
